Arguments: 
  C:\Program Files\nodejs\node.exe C:\Users\WS_VR1\AppData\Roaming\npm\node_modules\yarn\bin\yarn.js install

PATH: 
  C:\Users\WS_VR1\AppData\Roaming\npm;C:\Program Files\nodejs\;C:\Windows\system32;C:\Windows;C:\Windows\System32\Wbem;C:\Windows\System32\WindowsPowerShell\v1.0\;C:\Windows\System32\OpenSSH\;C:\Program Files (x86)\NVIDIA Corporation\PhysX\Common;C:\Program Files\NVIDIA Corporation\NVIDIA NvDLISR;C:\Program Files\Common Files\Autodesk Shared\;C:\Program Files\Microsoft SQL Server\120\Tools\Binn\;C:\Program Files\dotnet\;C:\Program Files\Git\cmd;C:\Program Files\nodejs\;C:\Users\WS_VR1\AppData\Local\Microsoft\WindowsApps;C:\Users\WS_VR1\.dotnet\tools;C:\Users\WS_VR1\AppData\Local\GitHubDesktop\bin;C:\Program Files (x86)\Nmap;C:\Users\WS_VR1\AppData\Roaming\npm

Yarn version: 
  1.22.10

Node version: 
  14.16.0

Platform: 
  win32 x64

Trace: 
  SyntaxError: E:\ScreenServer\package.json: Unexpected string in JSON at position 31
      at JSON.parse (<anonymous>)
      at C:\Users\WS_VR1\AppData\Roaming\npm\node_modules\yarn\lib\cli.js:1625:59
      at Generator.next (<anonymous>)
      at step (C:\Users\WS_VR1\AppData\Roaming\npm\node_modules\yarn\lib\cli.js:310:30)
      at C:\Users\WS_VR1\AppData\Roaming\npm\node_modules\yarn\lib\cli.js:321:13

npm manifest: 
  {
  	"name": "application-name"
  	"version": "0.0.1"
  	"dependencies" : {
  		"jquery" : "^3.2.1"
  	}
  }

yarn manifest: 
  No manifest

Lockfile: 
  # THIS IS AN AUTOGENERATED FILE. DO NOT EDIT THIS FILE DIRECTLY.
  # yarn lockfile v1
